TN:
SF:/d/WorkSpace/Challenge/cloudappi/frontend/src/http.ts
FNF:0
FNH:0
DA:1,4
DA:3,4
LF:2
LH:2
BRF:0
BRH:0
end_of_record
TN:
SF:/d/WorkSpace/Challenge/cloudappi/frontend/src/app/app.routes.ts
FN:12,(anonymous_0)
FN:17,(anonymous_2)
FNF:2
FNH:2
FNDA:2,(anonymous_0)
FNDA:6,(anonymous_2)
DA:1,4
DA:3,4
DA:12,2
DA:17,6
LF:4
LH:4
BRF:0
BRH:0
end_of_record
TN:
SF:/d/WorkSpace/Challenge/cloudappi/frontend/src/app/api/api.ts
FN:1,(anonymous_0)
FNF:1
FNH:1
FNDA:17,(anonymous_0)
DA:1,33
DA:3,4
LF:2
LH:2
BRDA:1,0,0,4
BRDA:1,0,1,12
BRF:2
BRH:2
end_of_record
TN:
SF:/d/WorkSpace/Challenge/cloudappi/frontend/src/app/api/default.service.ts
FN:7,(anonymous_0)
FN:12,(anonymous_1)
FN:17,(anonymous_2)
FN:23,(anonymous_3)
FN:29,(anonymous_4)
FN:30,(anonymous_5)
FNF:6
FNH:6
FNDA:8,(anonymous_0)
FNDA:2,(anonymous_1)
FNDA:1,(anonymous_2)
FNDA:1,(anonymous_3)
FNDA:1,(anonymous_4)
FNDA:2,(anonymous_5)
DA:1,4
DA:5,4
DA:8,8
DA:9,7
DA:13,2
DA:14,2
DA:18,1
DA:24,1
DA:30,1
DA:31,2
DA:34,1
LF:11
LH:11
BRF:0
BRH:0
end_of_record
TN:
SF:/d/WorkSpace/Challenge/cloudappi/frontend/src/app/components/localization/localization.vue
FN:3,(anonymous_1)
FN:7,(anonymous_2)
FN:13,(anonymous_3)
FNF:3
FNH:3
FNDA:3,(anonymous_1)
FNDA:3,(anonymous_2)
FNDA:1,(anonymous_3)
DA:1,1
DA:4,2
DA:5,3
DA:8,3
DA:10,3
DA:14,1
DA:15,1
DA:16,1
LF:8
LH:8
BRDA:8,0,0,3
BRDA:8,0,1,3
BRF:2
BRH:2
end_of_record
TN:
SF:/d/WorkSpace/Challenge/cloudappi/frontend/src/app/components/user-edit/user.edit.vue
FN:6,(anonymous_1)
FN:18,(anonymous_2)
FN:23,(anonymous_3)
FN:27,(anonymous_4)
FN:41,(anonymous_5)
FN:58,(anonymous_6)
FN:60,(anonymous_7)
FNF:7
FNH:7
FNDA:4,(anonymous_1)
FNDA:11,(anonymous_2)
FNDA:4,(anonymous_3)
FNDA:4,(anonymous_4)
FNDA:3,(anonymous_5)
FNDA:3,(anonymous_6)
FNDA:15,(anonymous_7)
DA:1,3
DA:3,3
DA:4,3
DA:7,6
DA:9,3
DA:12,3
DA:14,4
DA:16,4
DA:19,11
DA:20,11
DA:24,4
DA:28,4
DA:30,4
DA:31,2
DA:32,2
DA:39,4
DA:42,3
DA:44,4
DA:52,4
DA:55,2
DA:61,15
LF:21
LH:21
BRDA:30,0,0,2
BRDA:30,0,1,2
BRDA:44,1,0,1
BRDA:44,1,1,2
BRDA:44,2,0,3
BRDA:44,2,1,2
BRDA:44,2,2,2
BRDA:44,2,3,2
BRDA:52,3,0,1
BRDA:52,3,1,1
BRF:10
BRH:10
end_of_record
TN:
SF:/d/WorkSpace/Challenge/cloudappi/frontend/src/app/components/user-list/user.list.vue
FN:5,(anonymous_1)
FN:9,(anonymous_2)
FN:18,(anonymous_3)
FN:21,(anonymous_4)
FN:29,(anonymous_5)
FN:33,(anonymous_6)
FN:36,(anonymous_7)
FN:47,(anonymous_8)
FN:52,(anonymous_9)
FN:54,(anonymous_10)
FN:55,(anonymous_11)
FN:62,(anonymous_12)
FN:68,(anonymous_13)
FN:72,(anonymous_14)
FN:77,(anonymous_15)
FN:78,(anonymous_16)
FN:98,(anonymous_17)
FN:99,(anonymous_18)
FNF:18
FNH:18
FNDA:7,(anonymous_1)
FNDA:7,(anonymous_2)
FNDA:15,(anonymous_3)
FNDA:2,(anonymous_4)
FNDA:1,(anonymous_5)
FNDA:3,(anonymous_6)
FNDA:3,(anonymous_7)
FNDA:6,(anonymous_8)
FNDA:6,(anonymous_9)
FNDA:1,(anonymous_10)
FNDA:2,(anonymous_11)
FNDA:1,(anonymous_12)
FNDA:1,(anonymous_13)
FNDA:2,(anonymous_14)
FNDA:1,(anonymous_15)
FNDA:2,(anonymous_16)
FNDA:7,(anonymous_17)
FNDA:70,(anonymous_18)
DA:1,4
DA:3,4
DA:6,8
DA:7,7
DA:10,7
DA:11,7
DA:14,7
DA:15,7
DA:16,7
DA:19,15
DA:20,1
DA:21,3
DA:25,14
DA:30,1
DA:34,3
DA:36,3
DA:37,3
DA:38,3
DA:40,4
DA:42,3
DA:44,1
DA:47,3
DA:48,6
DA:55,3
DA:60,1
DA:62,1
DA:63,1
DA:64,1
DA:69,1
DA:73,2
DA:74,2
DA:78,3
DA:80,1
DA:81,1
DA:83,1
DA:84,1
DA:87,7
DA:99,77
LF:38
LH:38
BRDA:19,0,0,1
BRDA:19,0,1,14
BRDA:40,1,0,1
BRDA:40,1,1,2
BRDA:42,2,0,1
BRDA:42,2,1,1
BRF:6
BRH:6
end_of_record
TN:
SF:/d/WorkSpace/Challenge/cloudappi/frontend/src/app/models/Address.ts
FN:9,(anonymous_0)
FNF:1
FNH:1
FNDA:3,(anonymous_0)
DA:9,3
DA:11,3
LF:2
LH:2
BRDA:9,0,0,3
BRDA:9,0,1,3
BRF:2
BRH:2
end_of_record
TN:
SF:/d/WorkSpace/Challenge/cloudappi/frontend/src/app/views/Home.vue
FNF:0
FNH:0
DA:8,4
LF:1
LH:1
BRF:0
BRH:0
end_of_record
TN:
SF:/d/WorkSpace/Challenge/cloudappi/frontend/src/app/views/User.vue
FN:38,(anonymous_1)
FN:42,(anonymous_2)
FNF:2
FNH:2
FNDA:4,(anonymous_1)
FNDA:4,(anonymous_2)
DA:31,3
DA:39,4
DA:40,4
DA:43,4
LF:4
LH:4
BRDA:40,0,0,2
BRDA:40,0,1,2
BRF:2
BRH:2
end_of_record
TN:
SF:/d/WorkSpace/Challenge/cloudappi/frontend/tests/mount-options.ts
FN:7,loadLocaleMessages
FN:15,(anonymous_1)
FNF:2
FNH:2
FNDA:4,loadLocaleMessages
FNDA:8,(anonymous_1)
DA:1,4
DA:2,4
DA:4,4
DA:5,4
DA:8,4
DA:14,4
DA:15,4
DA:16,8
DA:17,8
DA:18,8
DA:20,4
DA:23,4
DA:25,4
DA:27,4
DA:28,4
DA:30,4
DA:32,4
DA:37,4
LF:18
LH:18
BRF:0
BRH:0
end_of_record
